2023-07-10 15:24:20,391 DEBUG    root            Loaded Command Group: ['gcloud', 'config']
2023-07-10 15:24:20,418 DEBUG    root            Loaded Command Group: ['gcloud', 'config', 'config_helper']
2023-07-10 15:24:20,432 DEBUG    root            Running [gcloud.config.config-helper] with arguments: [--format: "json", --quiet: "True", --verbosity: "warning"]
2023-07-10 15:24:20,649 DEBUG    root            (gcloud.config.config-helper) You do not currently have an active account selected.
Please run:

  $ gcloud auth login

to obtain new credentials.

If you have already logged in with a different account, run:

  $ gcloud config set account ACCOUNT

to select an already authenticated account to use.
Traceback (most recent call last):
  File "/Users/shubham/Library/Application Support/cloud-code/installer/google-cloud-sdk/lib/googlecloudsdk/calliope/cli.py", line 987, in Execute
    resources = calliope_command.Run(cli=self, args=args)
                ^^^^^^^^^^^^^^^^^^^^^^^^^^^^^^^^^^^^^^^^^
  File "/Users/shubham/Library/Application Support/cloud-code/installer/google-cloud-sdk/lib/googlecloudsdk/calliope/backend.py", line 807, in Run
    resources = command_instance.Run(args)
                ^^^^^^^^^^^^^^^^^^^^^^^^^^
  File "/Users/shubham/Library/Application Support/cloud-code/installer/google-cloud-sdk/lib/surface/config/config_helper.py", line 99, in Run
    cred = store.Load(use_google_auth=True)
           ^^^^^^^^^^^^^^^^^^^^^^^^^^^^^^^^
  File "/Users/shubham/Library/Application Support/cloud-code/installer/google-cloud-sdk/lib/googlecloudsdk/core/credentials/store.py", line 566, in Load
    cred = _Load(
           ^^^^^^
  File "/Users/shubham/Library/Application Support/cloud-code/installer/google-cloud-sdk/lib/googlecloudsdk/core/credentials/store.py", line 734, in _Load
    raise creds_exceptions.NoActiveAccountException(
googlecloudsdk.core.credentials.exceptions.NoActiveAccountException: You do not currently have an active account selected.
Please run:

  $ gcloud auth login

to obtain new credentials.

If you have already logged in with a different account, run:

  $ gcloud config set account ACCOUNT

to select an already authenticated account to use.
2023-07-10 15:24:20,656 ERROR    root            (gcloud.config.config-helper) You do not currently have an active account selected.
Please run:

  $ gcloud auth login

to obtain new credentials.

If you have already logged in with a different account, run:

  $ gcloud config set account ACCOUNT

to select an already authenticated account to use.
2023-07-10 15:24:20,756 DEBUG    root            Metrics reporting process started...
