2023-07-10 15:24:39,957 DEBUG    root            Loaded Command Group: ['gcloud', 'auth']
2023-07-10 15:24:40,040 DEBUG    root            Loaded Command Group: ['gcloud', 'auth', 'login']
2023-07-10 15:24:40,048 DEBUG    root            Running [gcloud.auth.login] with arguments: [--add-quota-project-to-adc: "True", --quiet: "True", --update-adc: "True", --verbosity: "warning"]
2023-07-10 15:24:40,089 DEBUG    requests_oauthlib.oauth2_session Generated new state 1fXFwMkyBXfGHueFtsqgJeBfFdldAP.
2023-07-10 15:24:41,216 INFO     ___FILE_ONLY___ Your browser has been opened to visit:

    https://accounts.google.com/o/oauth2/auth?response_type=code&client_id=32555940559.apps.googleusercontent.com&redirect_uri=http%3A%2F%2Flocalhost%3A8085%2F&scope=openid+https%3A%2F%2Fwww.googleapis.com%2Fauth%2Fuserinfo.email+https%3A%2F%2Fwww.googleapis.com%2Fauth%2Fcloud-platform+https%3A%2F%2Fwww.googleapis.com%2Fauth%2Fappengine.admin+https%3A%2F%2Fwww.googleapis.com%2Fauth%2Fsqlservice.login+https%3A%2F%2Fwww.googleapis.com%2Fauth%2Fcompute+https%3A%2F%2Fwww.googleapis.com%2Fauth%2Faccounts.reauth&state=1fXFwMkyBXfGHueFtsqgJeBfFdldAP&access_type=offline&code_challenge=22A16fv_vVwDdF_sZqpOpquYD9HKU8ud0VmLLofrQ8Y&code_challenge_method=S256


2023-07-10 15:25:14,968 INFO     google_auth_oauthlib.flow "GET /?state=1fXFwMkyBXfGHueFtsqgJeBfFdldAP&code=4/0AZEOvhWe2SBBoczNfTh-ffRAybOvuFcIBGm7YFBG7ekdEkRc-hIDy3xGXpqJA_KmzDtSYw&scope=email%20openid%20https://www.googleapis.com/auth/userinfo.email%20https://www.googleapis.com/auth/cloud-platform%20https://www.googleapis.com/auth/appengine.admin%20https://www.googleapis.com/auth/sqlservice.login%20https://www.googleapis.com/auth/compute%20https://www.googleapis.com/auth/accounts.reauth&authuser=0&hd=tokenmetrics.com&prompt=consent HTTP/1.1" 200 959
2023-07-10 15:25:14,975 DEBUG    requests_oauthlib.oauth2_session Requesting url https://oauth2.googleapis.com/token using method POST.
2023-07-10 15:25:14,975 DEBUG    requests_oauthlib.oauth2_session Supplying headers {b'Accept': b'application/json', b'Content-Type': b'application/x-www-form-urlencoded;charset=UTF-8', b'user-agent': b'google-cloud-sdk gcloud/437.0.1 command/gcloud.auth.login invocation-id/fd3ccd58ee374485ab654c4c10666502 environment/cloudcode.vscode environment-version/1.21.8 client-os/MACOSX client-os-ver/21.6.0 client-pltf-arch/x86_64 interactive/True from-script/False python/3.11.4 term/xterm (Macintosh; Intel Mac OS X 21.6.0)'} and data {'grant_type': 'authorization_code', 'client_id': '32555940559.apps.googleusercontent.com', 'client_secret': 'ZmssLNjJy2998hD4CTg2ejr2', 'code': '4/0AZEOvhWe2SBBoczNfTh-ffRAybOvuFcIBGm7YFBG7ekdEkRc-hIDy3xGXpqJA_KmzDtSYw', 'redirect_uri': 'http://localhost:8085/', 'code_verifier': 'j8wQB7MpFiG9wGxlXidI-TTxnuC8EAt0ELcgAOotMwKGV-X94EImry.~0I3..v3eBiHZ~_XvFuExEJ6umglJugyTzuOuqwTP38hZnPLDWG_2b1PgVzs9pRFA6jq0UzZK'}
2023-07-10 15:25:14,975 DEBUG    requests_oauthlib.oauth2_session Passing through key word arguments {'json': None, 'timeout': None, 'auth': None, 'verify': None, 'proxies': None}.
2023-07-10 15:25:15,187 DEBUG    urllib3.connectionpool Starting new HTTPS connection (1): oauth2.googleapis.com:443
2023-07-10 15:25:15,753 DEBUG    urllib3.connectionpool https://oauth2.googleapis.com:443 "POST /token HTTP/1.1" 200 None
2023-07-10 15:25:15,761 DEBUG    requests_oauthlib.oauth2_session Prepared fetch token request body grant_type=authorization_code&client_id=32555940559.apps.googleusercontent.com&client_secret=ZmssLNjJy2998hD4CTg2ejr2&code=4%2F0AZEOvhWe2SBBoczNfTh-ffRAybOvuFcIBGm7YFBG7ekdEkRc-hIDy3xGXpqJA_KmzDtSYw&redirect_uri=http%3A%2F%2Flocalhost%3A8085%2F&code_verifier=j8wQB7MpFiG9wGxlXidI-TTxnuC8EAt0ELcgAOotMwKGV-X94EImry.~0I3..v3eBiHZ~_XvFuExEJ6umglJugyTzuOuqwTP38hZnPLDWG_2b1PgVzs9pRFA6jq0UzZK
2023-07-10 15:25:15,761 DEBUG    requests_oauthlib.oauth2_session Request to fetch token completed with status 200.
2023-07-10 15:25:15,762 DEBUG    requests_oauthlib.oauth2_session Request headers were {'user-agent': b'google-cloud-sdk gcloud/437.0.1 command/gcloud.auth.login invocation-id/fd3ccd58ee374485ab654c4c10666502 environment/cloudcode.vscode environment-version/1.21.8 client-os/MACOSX client-os-ver/21.6.0 client-pltf-arch/x86_64 interactive/True from-script/False python/3.11.4 term/xterm (Macintosh; Intel Mac OS X 21.6.0)', 'Accept-Encoding': 'gzip, deflate', 'Accept': b'application/json', 'Connection': 'keep-alive', 'Content-Type': b'application/x-www-form-urlencoded;charset=UTF-8', 'Content-Length': '387'}
2023-07-10 15:25:15,762 DEBUG    requests_oauthlib.oauth2_session Request body was grant_type=authorization_code&client_id=32555940559.apps.googleusercontent.com&client_secret=ZmssLNjJy2998hD4CTg2ejr2&code=4%2F0AZEOvhWe2SBBoczNfTh-ffRAybOvuFcIBGm7YFBG7ekdEkRc-hIDy3xGXpqJA_KmzDtSYw&redirect_uri=http%3A%2F%2Flocalhost%3A8085%2F&code_verifier=j8wQB7MpFiG9wGxlXidI-TTxnuC8EAt0ELcgAOotMwKGV-X94EImry.~0I3..v3eBiHZ~_XvFuExEJ6umglJugyTzuOuqwTP38hZnPLDWG_2b1PgVzs9pRFA6jq0UzZK
2023-07-10 15:25:15,762 DEBUG    requests_oauthlib.oauth2_session Response headers were {'Pragma': 'no-cache', 'Expires': 'Mon, 01 Jan 1990 00:00:00 GMT', 'Cache-Control': 'no-cache, no-store, max-age=0, must-revalidate', 'Date': 'Mon, 10 Jul 2023 09:55:15 GMT', 'Content-Type': 'application/json; charset=utf-8', 'Vary': 'Origin, X-Origin, Referer', 'Content-Encoding': 'gzip', 'Server': 'scaffolding on HTTPServer2', 'X-XSS-Protection': '0', 'X-Frame-Options': 'SAMEORIGIN', 'X-Content-Type-Options': 'nosniff', 'Alt-Svc': 'h3=":443"; ma=2592000,h3-29=":443"; ma=2592000', 'Transfer-Encoding': 'chunked'} and content {
  "access_token": "ya29.a0AbVbY6NRWaeX6edlQ6_9L1PugX8-13W9LnPHNgMnWCKTGw8yhYHSE1_1ZPe8PvwnX6t5_V7F2NfOSyeYwCECRaTxBOQcsgd5ATy-rgmRw3UKuo9RqezRU_BaD6459vp6rsJt9ift3G_HSrjzia14UaKjzzxN7kxqzWLHaCgYKAeMSARASFQFWKvPl-EpdQQgARw8w22LU_IgHZA0171",
  "expires_in": 3599,
  "refresh_token": "1//0gD9sNKg9Z9nLCgYIARAAGBASNwF-L9IrdRMs8vIJFLPPF1N973-X6Omn8oF58WDyc20VJVi2dezlGTaFr1SlYd--dvpbnIFd4Fo",
  "scope": "https://www.googleapis.com/auth/appengine.admin https://www.googleapis.com/auth/sqlservice.login https://www.googleapis.com/auth/compute https://www.googleapis.com/auth/accounts.reauth openid https://www.googleapis.com/auth/cloud-platform https://www.googleapis.com/auth/userinfo.email",
  "token_type": "Bearer",
  "id_token": "eyJhbGciOiJSUzI1NiIsImtpZCI6IjkzNDFkZWRlZWUyZDE4NjliNjU3ZmE5MzAzMDAwODJmZTI2YjNkOTIiLCJ0eXAiOiJKV1QifQ.eyJpc3MiOiJodHRwczovL2FjY291bnRzLmdvb2dsZS5jb20iLCJhenAiOiIzMjU1NTk0MDU1OS5hcHBzLmdvb2dsZXVzZXJjb250ZW50LmNvbSIsImF1ZCI6IjMyNTU1OTQwNTU5LmFwcHMuZ29vZ2xldXNlcmNvbnRlbnQuY29tIiwic3ViIjoiMTE3ODM0ODEwNDE2MDA5NDA5NDQ5IiwiaGQiOiJ0b2tlbm1ldHJpY3MuY29tIiwiZW1haWwiOiJzaHViaGFtQHRva2VubWV0cmljcy5jb20iLCJlbWFpbF92ZXJpZmllZCI6dHJ1ZSwiYXRfaGFzaCI6Img3Tm5kSGxpbXViRXVKMWxZRVo1cUEiLCJpYXQiOjE2ODg5ODI5MTUsImV4cCI6MTY4ODk4NjUxNX0.XcRCbonDsBEPDYRaEaKO33scakknMbBgDJSu-4Bc1RWVXlWCSfQ_y-gx4m808MR6EKYEMNr6-j2yXLOGNZCCD29tziK572OoGpG-G3rzkZcC42wYt5__VBBSYi_Kz4W0-Oy_ATLymY4vEHFnmDyMokwzwok_aBmB91QhMmCdvXRHQ8DIrqYVKlDt2twuBH0nEkPdPdQYu5ftDHRiizNuaWHhlqBM66TYj6MES_1WOaMv8ytyWZVwB8wDWnHuoAhpg-dKEfARbmC2Pq39oomAhnPtrgSkipr7BAKGIGyjdVi_zu9M9BTHUspVdly1bOt7-653oD_jTEirOsrVJBdAZg"
}.
2023-07-10 15:25:15,763 DEBUG    requests_oauthlib.oauth2_session Invoking 0 token response hooks.
2023-07-10 15:25:15,763 DEBUG    requests_oauthlib.oauth2_session Obtained token {'access_token': 'ya29.a0AbVbY6NRWaeX6edlQ6_9L1PugX8-13W9LnPHNgMnWCKTGw8yhYHSE1_1ZPe8PvwnX6t5_V7F2NfOSyeYwCECRaTxBOQcsgd5ATy-rgmRw3UKuo9RqezRU_BaD6459vp6rsJt9ift3G_HSrjzia14UaKjzzxN7kxqzWLHaCgYKAeMSARASFQFWKvPl-EpdQQgARw8w22LU_IgHZA0171', 'expires_in': 3599, 'refresh_token': '1//0gD9sNKg9Z9nLCgYIARAAGBASNwF-L9IrdRMs8vIJFLPPF1N973-X6Omn8oF58WDyc20VJVi2dezlGTaFr1SlYd--dvpbnIFd4Fo', 'scope': ['https://www.googleapis.com/auth/appengine.admin', 'https://www.googleapis.com/auth/sqlservice.login', 'https://www.googleapis.com/auth/compute', 'https://www.googleapis.com/auth/accounts.reauth', 'openid', 'https://www.googleapis.com/auth/cloud-platform', 'https://www.googleapis.com/auth/userinfo.email'], 'token_type': 'Bearer', 'id_token': 'eyJhbGciOiJSUzI1NiIsImtpZCI6IjkzNDFkZWRlZWUyZDE4NjliNjU3ZmE5MzAzMDAwODJmZTI2YjNkOTIiLCJ0eXAiOiJKV1QifQ.eyJpc3MiOiJodHRwczovL2FjY291bnRzLmdvb2dsZS5jb20iLCJhenAiOiIzMjU1NTk0MDU1OS5hcHBzLmdvb2dsZXVzZXJjb250ZW50LmNvbSIsImF1ZCI6IjMyNTU1OTQwNTU5LmFwcHMuZ29vZ2xldXNlcmNvbnRlbnQuY29tIiwic3ViIjoiMTE3ODM0ODEwNDE2MDA5NDA5NDQ5IiwiaGQiOiJ0b2tlbm1ldHJpY3MuY29tIiwiZW1haWwiOiJzaHViaGFtQHRva2VubWV0cmljcy5jb20iLCJlbWFpbF92ZXJpZmllZCI6dHJ1ZSwiYXRfaGFzaCI6Img3Tm5kSGxpbXViRXVKMWxZRVo1cUEiLCJpYXQiOjE2ODg5ODI5MTUsImV4cCI6MTY4ODk4NjUxNX0.XcRCbonDsBEPDYRaEaKO33scakknMbBgDJSu-4Bc1RWVXlWCSfQ_y-gx4m808MR6EKYEMNr6-j2yXLOGNZCCD29tziK572OoGpG-G3rzkZcC42wYt5__VBBSYi_Kz4W0-Oy_ATLymY4vEHFnmDyMokwzwok_aBmB91QhMmCdvXRHQ8DIrqYVKlDt2twuBH0nEkPdPdQYu5ftDHRiizNuaWHhlqBM66TYj6MES_1WOaMv8ytyWZVwB8wDWnHuoAhpg-dKEfARbmC2Pq39oomAhnPtrgSkipr7BAKGIGyjdVi_zu9M9BTHUspVdly1bOt7-653oD_jTEirOsrVJBdAZg', 'expires_at': 1688986514.763628}.
2023-07-10 15:25:15,783 WARNING  root            Cannot find a project to insert into application default credentials (ADC) as a quota project.
Run $gcloud auth application-default set-quota-project to insert a quota project to ADC.
2023-07-10 15:25:15,785 INFO     ___FILE_ONLY___ 
Application default credentials (ADC) were updated.

2023-07-10 15:25:15,810 INFO     ___FILE_ONLY___ 
You are now logged in as [shubham@tokenmetrics.com].
Your current project is [None].  You can change this setting by running:
  $ gcloud config set project PROJECT_ID

2023-07-10 15:25:15,811 DEBUG    root            Chosen display Format:none
2023-07-10 15:25:15,813 INFO     root            Display format: "none"
2023-07-10 15:25:15,815 DEBUG    root            Checking for updates...
2023-07-10 15:25:16,010 DEBUG    urllib3.connectionpool Starting new HTTPS connection (1): dl.google.com:443
2023-07-10 15:25:16,478 DEBUG    urllib3.connectionpool https://dl.google.com:443 "GET /dl/cloudsdk/channels/rapid/components-2.json HTTP/1.1" 200 208274
2023-07-10 15:25:16,727 DEBUG    root            Updating notification cache...
2023-07-10 15:25:16,742 DEBUG    root            Metrics reporting process started...
