2023-07-10 15:25:22,587 DEBUG    root            Loaded Command Group: ['gcloud', 'config']
2023-07-10 15:25:22,603 DEBUG    root            Loaded Command Group: ['gcloud', 'config', 'config_helper']
2023-07-10 15:25:22,609 DEBUG    root            Running [gcloud.config.config-helper] with arguments: [--format: "json", --quiet: "True", --verbosity: "warning"]
2023-07-10 15:25:22,681 DEBUG    root            Chosen display Format:default json
2023-07-10 15:25:22,682 INFO     root            Display format: "default json"
2023-07-10 15:25:22,686 INFO     ___FILE_ONLY___ {
  "configuration": {
    "active_configuration": "default",
    "properties": {
      "container": {
        "use_application_default_credentials": "true"
      },
      "core": {
        "account": "shubham@tokenmetrics.com",
        "disable_prompts": "True",
        "disable_usage_reporting": "False",
        "print_unhandled_tracebacks": "true",
        "verbosity": "warning"
      },
      "metrics": {
        "environment": "cloudcode.vscode",
        "environment_version": "1.21.8"
      }
    }
  },
  "credential": {
    "access_token": "ya29.a0AbVbY6NRWaeX6edlQ6_9L1PugX8-13W9LnPHNgMnWCKTGw8yhYHSE1_1ZPe8PvwnX6t5_V7F2NfOSyeYwCECRaTxBOQcsgd5ATy-rgmRw3UKuo9RqezRU_BaD6459vp6rsJt9ift3G_HSrjzia14UaKjzzxN7kxqzWLHaCgYKAeMSARASFQFWKvPl-EpdQQgARw8w22LU_IgHZA0171",
    "id_token": "eyJhbGciOiJSUzI1NiIsImtpZCI6IjkzNDFkZWRlZWUyZDE4NjliNjU3ZmE5MzAzMDAwODJmZTI2YjNkOTIiLCJ0eXAiOiJKV1QifQ.eyJpc3MiOiJodHRwczovL2FjY291bnRzLmdvb2dsZS5jb20iLCJhenAiOiIzMjU1NTk0MDU1OS5hcHBzLmdvb2dsZXVzZXJjb250ZW50LmNvbSIsImF1ZCI6IjMyNTU1OTQwNTU5LmFwcHMuZ29vZ2xldXNlcmNvbnRlbnQuY29tIiwic3ViIjoiMTE3ODM0ODEwNDE2MDA5NDA5NDQ5IiwiaGQiOiJ0b2tlbm1ldHJpY3MuY29tIiwiZW1haWwiOiJzaHViaGFtQHRva2VubWV0cmljcy5jb20iLCJlbWFpbF92ZXJpZmllZCI6dHJ1ZSwiYXRfaGFzaCI6Img3Tm5kSGxpbXViRXVKMWxZRVo1cUEiLCJpYXQiOjE2ODg5ODI5MTUsImV4cCI6MTY4ODk4NjUxNX0.XcRCbonDsBEPDYRaEaKO33scakknMbBgDJSu-4Bc1RWVXlWCSfQ_y-gx4m808MR6EKYEMNr6-j2yXLOGNZCCD29tziK572OoGpG-G3rzkZcC42wYt5__VBBSYi_Kz4W0-Oy_ATLymY4vEHFnmDyMokwzwok_aBmB91QhMmCdvXRHQ8DIrqYVKlDt2twuBH0nEkPdPdQYu5ftDHRiizNuaWHhlqBM66TYj6MES_1WOaMv8ytyWZVwB8wDWnHuoAhpg-dKEfARbmC2Pq39oomAhnPtrgSkipr7BAKGIGyjdVi_zu9M9BTHUspVdly1bOt7-653oD_jTEirOsrVJBdAZg",
    "token_expiry": "2023-07-10T10:55:14Z"
  },
  "sentinels": {
    "config_sentinel": "/Users/shubham/.config/gcloud/config_sentinel"
  }
}
2023-07-10 15:25:22,686 INFO     ___FILE_ONLY___ 

2023-07-10 15:25:22,845 DEBUG    root            Metrics reporting process started...
