2023-07-10 15:33:29,974 DEBUG    root            Loaded Command Group: ['gcloud', 'auth']
2023-07-10 15:33:30,006 DEBUG    root            Loaded Command Group: ['gcloud', 'auth', 'login']
2023-07-10 15:33:30,014 DEBUG    root            Running [gcloud.auth.login] with arguments: [--update-adc: "True"]
2023-07-10 15:33:30,045 DEBUG    requests_oauthlib.oauth2_session Generated new state xUPq3eXj9Y0Pw8ka8MbmCBjcP7Tqgy.
2023-07-10 15:33:30,594 INFO     ___FILE_ONLY___ Your browser has been opened to visit:

    https://accounts.google.com/o/oauth2/auth?response_type=code&client_id=32555940559.apps.googleusercontent.com&redirect_uri=http%3A%2F%2Flocalhost%3A8085%2F&scope=openid+https%3A%2F%2Fwww.googleapis.com%2Fauth%2Fuserinfo.email+https%3A%2F%2Fwww.googleapis.com%2Fauth%2Fcloud-platform+https%3A%2F%2Fwww.googleapis.com%2Fauth%2Fappengine.admin+https%3A%2F%2Fwww.googleapis.com%2Fauth%2Fsqlservice.login+https%3A%2F%2Fwww.googleapis.com%2Fauth%2Fcompute+https%3A%2F%2Fwww.googleapis.com%2Fauth%2Faccounts.reauth&state=xUPq3eXj9Y0Pw8ka8MbmCBjcP7Tqgy&access_type=offline&code_challenge=S1ZPpYketDWhOM2YoLKsgrnWjrYq0Ls0Xj7h2bLkZj8&code_challenge_method=S256


2023-07-10 15:33:36,856 INFO     google_auth_oauthlib.flow "GET /?state=xUPq3eXj9Y0Pw8ka8MbmCBjcP7Tqgy&code=4/0AZEOvhXOC8oUxfvqeHuXM_wRzv8MEer-97dmnd1LaofeKGT0CRppF5tk-QrDv8KGrIQsew&scope=email%20openid%20https://www.googleapis.com/auth/userinfo.email%20https://www.googleapis.com/auth/cloud-platform%20https://www.googleapis.com/auth/appengine.admin%20https://www.googleapis.com/auth/sqlservice.login%20https://www.googleapis.com/auth/compute%20https://www.googleapis.com/auth/accounts.reauth&authuser=0&hd=tokenmetrics.com&prompt=consent HTTP/1.1" 200 959
2023-07-10 15:33:36,859 DEBUG    requests_oauthlib.oauth2_session Requesting url https://oauth2.googleapis.com/token using method POST.
2023-07-10 15:33:36,860 DEBUG    requests_oauthlib.oauth2_session Supplying headers {b'Accept': b'application/json', b'Content-Type': b'application/x-www-form-urlencoded;charset=UTF-8', b'user-agent': b'google-cloud-sdk gcloud/437.0.1 command/gcloud.auth.login invocation-id/4b51bb79b146460b9f798c448c163cc7 environment/None environment-version/None client-os/MACOSX client-os-ver/21.6.0 client-pltf-arch/x86_64 interactive/True from-script/False python/3.11.4 term/xterm-256color (Macintosh; Intel Mac OS X 21.6.0)'} and data {'grant_type': 'authorization_code', 'client_id': '32555940559.apps.googleusercontent.com', 'client_secret': 'ZmssLNjJy2998hD4CTg2ejr2', 'code': '4/0AZEOvhXOC8oUxfvqeHuXM_wRzv8MEer-97dmnd1LaofeKGT0CRppF5tk-QrDv8KGrIQsew', 'redirect_uri': 'http://localhost:8085/', 'code_verifier': 'oWCsylQ-18DOy9pRLfVBHV4q4m7Um5pNtQExJyL.ja-4FGhml7H-CIrYgX23k-QK-9A--vaqvyPLbkVRzIz9xEG2RVPqF6yjBXbquRaC.rynzZwTTSwKuAzJsVKUTpdN'}
2023-07-10 15:33:36,860 DEBUG    requests_oauthlib.oauth2_session Passing through key word arguments {'json': None, 'timeout': None, 'auth': None, 'verify': None, 'proxies': None}.
2023-07-10 15:33:37,037 DEBUG    urllib3.connectionpool Starting new HTTPS connection (1): oauth2.googleapis.com:443
2023-07-10 15:33:37,634 DEBUG    urllib3.connectionpool https://oauth2.googleapis.com:443 "POST /token HTTP/1.1" 200 None
2023-07-10 15:33:37,635 DEBUG    requests_oauthlib.oauth2_session Prepared fetch token request body grant_type=authorization_code&client_id=32555940559.apps.googleusercontent.com&client_secret=ZmssLNjJy2998hD4CTg2ejr2&code=4%2F0AZEOvhXOC8oUxfvqeHuXM_wRzv8MEer-97dmnd1LaofeKGT0CRppF5tk-QrDv8KGrIQsew&redirect_uri=http%3A%2F%2Flocalhost%3A8085%2F&code_verifier=oWCsylQ-18DOy9pRLfVBHV4q4m7Um5pNtQExJyL.ja-4FGhml7H-CIrYgX23k-QK-9A--vaqvyPLbkVRzIz9xEG2RVPqF6yjBXbquRaC.rynzZwTTSwKuAzJsVKUTpdN
2023-07-10 15:33:37,635 DEBUG    requests_oauthlib.oauth2_session Request to fetch token completed with status 200.
2023-07-10 15:33:37,636 DEBUG    requests_oauthlib.oauth2_session Request headers were {'user-agent': b'google-cloud-sdk gcloud/437.0.1 command/gcloud.auth.login invocation-id/4b51bb79b146460b9f798c448c163cc7 environment/None environment-version/None client-os/MACOSX client-os-ver/21.6.0 client-pltf-arch/x86_64 interactive/True from-script/False python/3.11.4 term/xterm-256color (Macintosh; Intel Mac OS X 21.6.0)', 'Accept-Encoding': 'gzip, deflate', 'Accept': b'application/json', 'Connection': 'keep-alive', 'Content-Type': b'application/x-www-form-urlencoded;charset=UTF-8', 'Content-Length': '387'}
2023-07-10 15:33:37,636 DEBUG    requests_oauthlib.oauth2_session Request body was grant_type=authorization_code&client_id=32555940559.apps.googleusercontent.com&client_secret=ZmssLNjJy2998hD4CTg2ejr2&code=4%2F0AZEOvhXOC8oUxfvqeHuXM_wRzv8MEer-97dmnd1LaofeKGT0CRppF5tk-QrDv8KGrIQsew&redirect_uri=http%3A%2F%2Flocalhost%3A8085%2F&code_verifier=oWCsylQ-18DOy9pRLfVBHV4q4m7Um5pNtQExJyL.ja-4FGhml7H-CIrYgX23k-QK-9A--vaqvyPLbkVRzIz9xEG2RVPqF6yjBXbquRaC.rynzZwTTSwKuAzJsVKUTpdN
2023-07-10 15:33:37,636 DEBUG    requests_oauthlib.oauth2_session Response headers were {'Cache-Control': 'no-cache, no-store, max-age=0, must-revalidate', 'Expires': 'Mon, 01 Jan 1990 00:00:00 GMT', 'Date': 'Mon, 10 Jul 2023 10:03:37 GMT', 'Pragma': 'no-cache', 'Content-Type': 'application/json; charset=utf-8', 'Vary': 'Origin, X-Origin, Referer', 'Content-Encoding': 'gzip', 'Server': 'scaffolding on HTTPServer2', 'X-XSS-Protection': '0', 'X-Frame-Options': 'SAMEORIGIN', 'X-Content-Type-Options': 'nosniff', 'Alt-Svc': 'h3=":443"; ma=2592000,h3-29=":443"; ma=2592000', 'Transfer-Encoding': 'chunked'} and content {
  "access_token": "ya29.a0AbVbY6OEgFRN-PXO1hcvXuTSEup4haUS2PoKRbiVD9WJKQrAvKR-O_5lmv22RSpIl0K3TXgzEuiEHvOaK4mbUig8VgK2av9A1hYR-57OuTsSFM73JroyeinKKdnELbUPBHf1RnWep8TwPXpbs3MKc3qG0F6_gnKZgLXRaCgYKAYYSARASFQFWKvPlcAbtRPOlHIEKieiH-MwnzA0171",
  "expires_in": 3599,
  "refresh_token": "1//0g1rOEJ8pTyeeCgYIARAAGBASNwF-L9Ir0iHG9j-hN7o2yVilBMyYl8U6TpyvNc1Nie0h-9QZZhAVVJLrUqwZnlYUjzMMMh8YH90",
  "scope": "https://www.googleapis.com/auth/cloud-platform https://www.googleapis.com/auth/sqlservice.login https://www.googleapis.com/auth/userinfo.email https://www.googleapis.com/auth/appengine.admin https://www.googleapis.com/auth/compute https://www.googleapis.com/auth/accounts.reauth openid",
  "token_type": "Bearer",
  "id_token": "eyJhbGciOiJSUzI1NiIsImtpZCI6IjkzNDFkZWRlZWUyZDE4NjliNjU3ZmE5MzAzMDAwODJmZTI2YjNkOTIiLCJ0eXAiOiJKV1QifQ.eyJpc3MiOiJodHRwczovL2FjY291bnRzLmdvb2dsZS5jb20iLCJhenAiOiIzMjU1NTk0MDU1OS5hcHBzLmdvb2dsZXVzZXJjb250ZW50LmNvbSIsImF1ZCI6IjMyNTU1OTQwNTU5LmFwcHMuZ29vZ2xldXNlcmNvbnRlbnQuY29tIiwic3ViIjoiMTE3ODM0ODEwNDE2MDA5NDA5NDQ5IiwiaGQiOiJ0b2tlbm1ldHJpY3MuY29tIiwiZW1haWwiOiJzaHViaGFtQHRva2VubWV0cmljcy5jb20iLCJlbWFpbF92ZXJpZmllZCI6dHJ1ZSwiYXRfaGFzaCI6IjItSWJTeExDYmlpaUh1VmQ0Y3NRTGciLCJpYXQiOjE2ODg5ODM0MTcsImV4cCI6MTY4ODk4NzAxN30.EPk_qn2ihfPTvfcDtR1mKM5wzKwamDMl1MviVDRpLgtzDXI_WtNWeKElP-29757jFm8gB0e-xYDZWrqf8KwWs4n1pMTRTmvKE-pBvPWHd_LKUlSYambYLS_Do_iPn6pOK6_lyC55Krh072P4eqs4IVecosYa0Nhay3MRWG_l6LHJqAPk27_g_wwtrA5MZenYP7oXw11D-bkwumcgbGTmBuMEt1lxPy9tFGvKYxZj0A3zZq6nOa41IT1wIQgen2QW2QePfTlnn-UENpzHSS5q6JRo49Seit9arPj0m3cQj8SgHf7KNpxC-0uTdtdQy3HOq09iGv6S5o4C-BbHoN_mig"
}.
2023-07-10 15:33:37,636 DEBUG    requests_oauthlib.oauth2_session Invoking 0 token response hooks.
2023-07-10 15:33:37,636 DEBUG    requests_oauthlib.oauth2_session Obtained token {'access_token': 'ya29.a0AbVbY6OEgFRN-PXO1hcvXuTSEup4haUS2PoKRbiVD9WJKQrAvKR-O_5lmv22RSpIl0K3TXgzEuiEHvOaK4mbUig8VgK2av9A1hYR-57OuTsSFM73JroyeinKKdnELbUPBHf1RnWep8TwPXpbs3MKc3qG0F6_gnKZgLXRaCgYKAYYSARASFQFWKvPlcAbtRPOlHIEKieiH-MwnzA0171', 'expires_in': 3599, 'refresh_token': '1//0g1rOEJ8pTyeeCgYIARAAGBASNwF-L9Ir0iHG9j-hN7o2yVilBMyYl8U6TpyvNc1Nie0h-9QZZhAVVJLrUqwZnlYUjzMMMh8YH90', 'scope': ['https://www.googleapis.com/auth/cloud-platform', 'https://www.googleapis.com/auth/sqlservice.login', 'https://www.googleapis.com/auth/userinfo.email', 'https://www.googleapis.com/auth/appengine.admin', 'https://www.googleapis.com/auth/compute', 'https://www.googleapis.com/auth/accounts.reauth', 'openid'], 'token_type': 'Bearer', 'id_token': 'eyJhbGciOiJSUzI1NiIsImtpZCI6IjkzNDFkZWRlZWUyZDE4NjliNjU3ZmE5MzAzMDAwODJmZTI2YjNkOTIiLCJ0eXAiOiJKV1QifQ.eyJpc3MiOiJodHRwczovL2FjY291bnRzLmdvb2dsZS5jb20iLCJhenAiOiIzMjU1NTk0MDU1OS5hcHBzLmdvb2dsZXVzZXJjb250ZW50LmNvbSIsImF1ZCI6IjMyNTU1OTQwNTU5LmFwcHMuZ29vZ2xldXNlcmNvbnRlbnQuY29tIiwic3ViIjoiMTE3ODM0ODEwNDE2MDA5NDA5NDQ5IiwiaGQiOiJ0b2tlbm1ldHJpY3MuY29tIiwiZW1haWwiOiJzaHViaGFtQHRva2VubWV0cmljcy5jb20iLCJlbWFpbF92ZXJpZmllZCI6dHJ1ZSwiYXRfaGFzaCI6IjItSWJTeExDYmlpaUh1VmQ0Y3NRTGciLCJpYXQiOjE2ODg5ODM0MTcsImV4cCI6MTY4ODk4NzAxN30.EPk_qn2ihfPTvfcDtR1mKM5wzKwamDMl1MviVDRpLgtzDXI_WtNWeKElP-29757jFm8gB0e-xYDZWrqf8KwWs4n1pMTRTmvKE-pBvPWHd_LKUlSYambYLS_Do_iPn6pOK6_lyC55Krh072P4eqs4IVecosYa0Nhay3MRWG_l6LHJqAPk27_g_wwtrA5MZenYP7oXw11D-bkwumcgbGTmBuMEt1lxPy9tFGvKYxZj0A3zZq6nOa41IT1wIQgen2QW2QePfTlnn-UENpzHSS5q6JRo49Seit9arPj0m3cQj8SgHf7KNpxC-0uTdtdQy3HOq09iGv6S5o4C-BbHoN_mig', 'expires_at': 1688987016.636693}.
2023-07-10 15:33:37,662 INFO     ___FILE_ONLY___ 
Application default credentials (ADC) were updated.

2023-07-10 15:33:37,668 INFO     ___FILE_ONLY___ 
You are now logged in as [shubham@tokenmetrics.com].
Your current project is [None].  You can change this setting by running:
  $ gcloud config set project PROJECT_ID

2023-07-10 15:33:37,668 DEBUG    root            Chosen display Format:none
2023-07-10 15:33:37,670 INFO     root            Display format: "none"
2023-07-10 15:33:37,692 DEBUG    root            Metrics reporting process started...
